<?xml version="1.0" encoding="UTF-8"?>
<testsuite xmlns:xsi="http://www.w3.org/2001/XMLSchema-instance" xsi:noNamespaceSchemaLocation="https://maven.apache.org/surefire/maven-surefire-plugin/xsd/surefire-test-report.xsd" name="com.learning.junit.GreetingImplTest" time="0.028" tests="3" errors="0" skipped="0" failures="0">
  <properties>
[...]
</properties>
  <testcase name="greetShouldThrowAnException_For_NameIsNull" classname="com.learning.junit.GreetingImplTest" time="0.017"/>
  <testcase name="greetShouldThrowANException_For_NameISBlank" classname="com.learning.junit.GreetingImplTest" time="0"/>
  <testcase name="greetShouldReturnAValidOutput" classname="com.learning.junit.GreetingImplTest" time="0.001"/>
</testsuite>